Arguments: 
  C:\Program Files\nodejs\node.exe C:\Program Files\nodejs\node_modules\yarn\bin\yarn.js

PATH: 
  C:\Program Files (x86)\Intel\iCLS Client\;C:\Program Files\Intel\iCLS Client\;C:\Windows\system32;C:\Windows;C:\Windows\System32\Wbem;C:\Windows\System32\WindowsPowerShell\v1.0\;C:\Program Files (x86)\NVIDIA Corporation\PhysX\Common;C:\Program Files (x86)\Intel\Intel(R) Management Engine Components\DAL;C:\Program Files\Intel\Intel(R) Management Engine Components\DAL;C:\Program Files (x86)\Intel\Intel(R) Management Engine Components\IPT;C:\Program Files\Intel\Intel(R) Management Engine Components\IPT;C:\Program Files\Intel\WiFi\bin\;C:\Program Files\Common Files\Intel\WirelessCommon\;C:\WINDOWS\system32;C:\WINDOWS;C:\WINDOWS\System32\Wbem;C:\WINDOWS\System32\WindowsPowerShell\v1.0\;C:\WINDOWS\System32\OpenSSH\;C:\Program Files\dotnet\;C:\Program Files\Microsoft SQL Server\130\Tools\Binn\;C:\Program Files\NVIDIA Corporation\NVIDIA NvDLISR;C:\WINDOWS\system32;C:\WINDOWS;C:\WINDOWS\System32\Wbem;C:\WINDOWS\System32\WindowsPowerShell\v1.0\;C:\WINDOWS\System32\OpenSSH\;C:\Program Files\nodejs\;C:\Program Files\Git\cmd;D:\mysql\bin;C:\Program Files (x86)\Yarn\bin\;C:\Program Files\MongoDB\Server\4.2\bin;C:\Users\92073\AppData\Local\GitHubDesktop\bin;C:\Users\92073\AppData\Local\Yarn\bin;C:\Users\92073\AppData\Local\BypassRuntm;E:\Microsoft VS Code\bin;C:\Users\92073\AppData\Local\Programs\Fiddler

Yarn version: 
  1.22.4

Node version: 
  10.16.2

Platform: 
  win32 x64

Trace: 
  SyntaxError: D:\360MoveData\Users\92073\Desktop\test2\package.json: Unexpected string in JSON at position 392
      at JSON.parse (<anonymous>)
      at C:\Program Files\nodejs\node_modules\yarn\lib\cli.js:1625:59
      at Generator.next (<anonymous>)
      at step (C:\Program Files\nodejs\node_modules\yarn\lib\cli.js:310:30)
      at C:\Program Files\nodejs\node_modules\yarn\lib\cli.js:321:13

npm manifest: 
  {
    "name": "test2",
    "version": "1.0.0",
    "description": "",
    "main": "rollup.config.js",
    "scripts": {
      "test": "jest",
      "lint": "eslint ./scripts/*.js",
      "fix": "eslint ./scripts/*.js --fix"
    },
    "husky": {
      "hooks": {
        "pre-commit": "lint-staged"
      }
    },
    "lint-staged": {
      "scripts/*.{js, ts}": ["prettier --write", "eslint --cache --fix", "git add"]
    }
    "author": "",
    "license": "ISC",
    "devDependencies": {
      "@babel/core": "@7.4.5",
      "@babel/preset-env": "@7.4.5",
      "@types/node": "^14.10.1",
      "@typescript-eslint/eslint-plugin": "^4.1.0",
      "@typescript-eslint/parser": "^4.1.0",
      "eslint": "^7.9.0",
      "eslint-config-airbnb-base": "^14.2.0",
      "eslint-config-prettier": "^6.11.0",
      "eslint-loader": "^4.0.2",
      "eslint-plugin-import": "^2.21.2",
      "eslint-plugin-prettier": "^3.1.4",
      "jest": "@24.8.0",
      "lint-staged": "^10.4.0",
      "prettier": "^2.1.1",
      "rollup": "^2.26.11",
      "ts-loader": "^8.0.3",
      "typescript": "^4.0.2",
      "husky": "^4.3.0"
    }
  }

yarn manifest: 
  No manifest

Lockfile: 
  No lockfile
